[LOG] System::create                           : Header version = 2.00.07. Current version = 2.00.07.
[LOG] Manager::init                            : maxchannels = 256 studioflags = 00000006 flags 00000000 extradriverdata 0000000000000000.
[LOG] SystemI::init                            : Initialize version=20007 (107206), maxchannels=256, flags=0x00020000
[LOG] SystemI::setOutputInternal               : Setting output to 'FMOD WASAPI Output'
[LOG] OutputWASAPI::init                       : Mix Format (WAVEFORMATEX): wFormatTag=0xFFFE, nChannels=2, nSamplesPerSec=48000, nAvgBytesPerSec=384000, nBlockAlign=8, wBitsPerSample=32, cbSize=22.
[LOG] OutputWASAPI::init                       : Mix Format (WAVEFORMATEXTENSIBLE): wValidBitsPerSample=32, dwChannelMask=0x00000003, SubFormat=00000003-0000-0010-8000-00AA00389B71.
[LOG] OutputWASAPI::init                       : Output buffer size: 4096 samples, latency: 0.00ms, period: 10.00ms, DSP buffer: 1024 * 4
[LOG] Thread::initThread                       : Init FMOD stream thread. Priority: 2, Stack Size: 98304, Semaphore: No, Sleep Time: 10, Looping: Yes.
[LOG] Thread::initThread                       : Init FMOD mixer thread. Priority: 3, Stack Size: 81920, Semaphore: No, Sleep Time: 0, Looping: Yes.
[LOG] AsyncManager::init                       : manager 000000003DE465D8 isAsync 0 updatePeriod 0.02
[LOG] AsyncManager::init                       : done
[LOG] PlaybackSystem::init                     : 
[LOG] Thread::initThread                       : Init FMOD Studio sample load thread. Priority: 0, Stack Size: 98304, Semaphore: No, Sleep Time: 1, Looping: No.
[LOG] PlaybackSystem::init                     : done
[LOG] Thread::initThread                       : Init FMOD Studio bank load thread. Priority: 0, Stack Size: 98304, Semaphore: No, Sleep Time: 1, Looping: No.
[LOG] Manager::init                            : done.
[LOG] Manager::readBank                        : fileversion = 125, compatVersion = 119 (oldest = 44, newest = 125)
[WRN] PluginEffectModel::init                  : Missing DSP plugin 'Resonance Audio Source'
[WRN] PostLoad::initPluginEffects              : Creating stub DSP plugin model and continuing.
[WRN] PluginEffectModel::init                  : Missing DSP plugin 'Resonance Audio Source'
[WRN] PostLoad::initPluginEffects              : Creating stub DSP plugin model and continuing.
[WRN] PluginEffectModel::init                  : Missing DSP plugin 'Resonance Audio Source'
[WRN] PostLoad::initPluginEffects              : Creating stub DSP plugin model and continuing.
[WRN] PluginEffectModel::init                  : Missing DSP plugin 'Resonance Audio Source'
[WRN] PostLoad::initPluginEffects              : Creating stub DSP plugin model and continuing.
[WRN] PluginEffectModel::init                  : Missing DSP plugin 'Resonance Audio Source'
[WRN] PostLoad::initPluginEffects              : Creating stub DSP plugin model and continuing.
[WRN] PluginEffectModel::init                  : Missing DSP plugin 'Resonance Audio Listener'
[WRN] PostLoad::initPluginEffects              : Creating stub DSP plugin model and continuing.
[WRN] PluginEffectModel::init                  : Missing DSP plugin 'Resonance Audio Listener'
[WRN] PostLoad::initPluginEffects              : Creating stub DSP plugin model and continuing.
[WRN] PluginEffectModel::init                  : Missing DSP plugin 'Resonance Audio Source'
[WRN] PostLoad::initPluginEffects              : Creating stub DSP plugin model and continuing.
[WRN] PluginEffectModel::init                  : Missing DSP plugin 'Resonance Audio Listener'
[WRN] PostLoad::initPluginEffects              : Creating stub DSP plugin model and continuing.
[WRN] PluginEffectModel::init                  : Missing DSP plugin 'Resonance Audio Listener'
[WRN] PostLoad::initPluginEffects              : Creating stub DSP plugin model and continuing.
[WRN] PluginEffectModel::init                  : Missing DSP plugin 'Resonance Audio Source'
[WRN] PostLoad::initPluginEffects              : Creating stub DSP plugin model and continuing.
[WRN] PluginEffectModel::init                  : Missing DSP plugin 'Resonance Audio Source'
[WRN] PostLoad::initPluginEffects              : Creating stub DSP plugin model and continuing.
[WRN] PluginEffectModel::init                  : Missing DSP plugin 'Resonance Audio Source'
[WRN] PostLoad::initPluginEffects              : Creating stub DSP plugin model and continuing.
[WRN] PluginEffectModel::init                  : Missing DSP plugin 'Resonance Audio Source'
[WRN] PostLoad::initPluginEffects              : Creating stub DSP plugin model and continuing.
[WRN] PluginEffectModel::init                  : Missing DSP plugin 'Resonance Audio Source'
[WRN] PostLoad::initPluginEffects              : Creating stub DSP plugin model and continuing.
[WRN] PluginEffectModel::init                  : Missing DSP plugin 'Resonance Audio Source'
[WRN] PostLoad::initPluginEffects              : Creating stub DSP plugin model and continuing.
[WRN] PluginEffectModel::init                  : Missing DSP plugin 'Resonance Audio Source'
[WRN] PostLoad::initPluginEffects              : Creating stub DSP plugin model and continuing.
[WRN] PluginEffectModel::init                  : Missing DSP plugin 'Resonance Audio Listener'
[WRN] PostLoad::initPluginEffects              : Creating stub DSP plugin model and continuing.
[WRN] PluginEffectModel::init                  : Missing DSP plugin 'Resonance Audio Source'
[WRN] PostLoad::initPluginEffects              : Creating stub DSP plugin model and continuing.
[WRN] PluginEffectModel::init                  : Missing DSP plugin 'Resonance Audio Source'
[WRN] PostLoad::initPluginEffects              : Creating stub DSP plugin model and continuing.
[WRN] PluginEffectModel::init                  : Missing DSP plugin 'Resonance Audio Source'
[WRN] PostLoad::initPluginEffects              : Creating stub DSP plugin model and continuing.
[WRN] PluginEffectModel::init                  : Missing DSP plugin 'Resonance Audio Source'
[WRN] PostLoad::initPluginEffects              : Creating stub DSP plugin model and continuing.
[WRN] PluginEffectModel::init                  : Missing DSP plugin 'Resonance Audio Source'
[WRN] PostLoad::initPluginEffects              : Creating stub DSP plugin model and continuing.
[WRN] PluginEffectModel::init                  : Missing DSP plugin 'Resonance Audio Source'
[WRN] PostLoad::initPluginEffects              : Creating stub DSP plugin model and continuing.
[LOG] PlaybackSystem::acquireMasterBus         : Setting master channel group format to 3
[WRN] EffectInstanceFactory::create            : Creating stub DSP for plugin 'Resonance Audio Listener'
[LOG] SystemI::createSoundInternal             : Create name='', mode=0x02000202
[LOG] SystemI::createSoundInternal             : exinfo->cbsize             = 224
[LOG] SystemI::createSoundInternal             : exinfo->length             = 18205184
[LOG] SystemI::createSoundInternal             : exinfo->fileoffset         = 104416
[LOG] SystemI::createSoundInternal             : exinfo->numsubsounds       = 1
[LOG] SystemI::createSoundInternal             : exinfo->inclusionlist      = 000000007025F5FC
[LOG] SystemI::createSoundInternal             : exinfo->inclusionlistnum   = 1
[LOG] SystemI::createSoundInternal             : exinfo->suggestedsoundtype = 5
[LOG] SystemI::createSoundInternal             : exinfo->useropen           = 00007FFC80058630
[LOG] SystemI::createSoundInternal             : exinfo->userclose          = 00007FFC80058600
[LOG] SystemI::createSoundInternal             : exinfo->userread           = 00007FFC80058700
[LOG] SystemI::createSoundInternal             : exinfo->userseek           = 00007FFC800587C0
[LOG] SystemI::createSoundInternal             : exinfo->fileuserdata       = 00000000C74E1408
[LOG] SystemI::createSoundInternal             : exinfo->initialseekpostype = 1
[LOG] SystemI::DSPCodecPoolRegister            : register codec pool for pool type 5
[LOG] SystemI::createSoundInternal             : Sample 0/1: name='Grim_Sadie_-030', format=2, channels=1, frequency=48000, lengthbytes=31712, lengthpcm=185910, pcmblocksize=0, loopstart=0, loopend=0, mode=0x00000000, channelmask=0x00000000, channelorder=0, peakvolume=0.191338.
[LOG] SoundI::release                          :  (000000005DE40E68)
[LOG] SoundI::release                          :     Grim_Sadie_-030 (00000000C7346588)
